Preprocessing library for client-0.1.0.0..
Building library for client-0.1.0.0..
Preprocessing executable 'client' for client-0.1.0.0..
Building executable 'client' for client-0.1.0.0..
[1 of 1] Compiling Main             ( app/Main.hs, .stack-work/dist/x86_64-osx/Cabal-2.2.0.1/build/client/client-tmp/Main.o )
Linking .stack-work/dist/x86_64-osx/Cabal-2.2.0.1/build/client/client ...
clang: warning: argument unused during compilation: '-nopie' [-Wunused-command-line-argument]
clang: warning: argument unused during compilation: '-nopie' [-Wunused-command-line-argument]
Undefined symbols for architecture x86_64:
  "_clientzm0zi1zi0zi0zm9Y6u4fYsVyG8ZZRIxycSMAM_NetworkUtils_connectToServer1_closure", referenced from:
      _SmvO_srt in Main.o
  "_clientzm0zi1zi0zi0zm9Y6u4fYsVyG8ZZRIxycSMAM_Messages_zdwzdcput12_closure", referenced from:
      _Smg0_srt in Main.o
  "_clientzm0zi1zi0zi0zm9Y6u4fYsVyG8ZZRIxycSMAM_Messages_CompileClientRequest_con_info", referenced from:
      _slww_info in Main.o
  "_clientzm0zi1zi0zi0zm9Y6u4fYsVyG8ZZRIxycSMAM_Messages_zdwzdcget12_closure", referenced from:
      _SlWm_srt in Main.o
  "_clientzm0zi1zi0zi0zm9Y6u4fYsVyG8ZZRIxycSMAM_NetworkUtils_connectToServer1_info", referenced from:
      _cmu1_info in Main.o
  "_clientzm0zi1zi0zi0zm9Y6u4fYsVyG8ZZRIxycSMAM_Messages_zdwzdcput12_info", referenced from:
      _slww_info in Main.o
  "_clientzm0zi1zi0zi0zm9Y6u4fYsVyG8ZZRIxycSMAM_Messages_zdwzdcget12_info", referenced from:
      _rls9_info in Main.o
ld: symbol(s) not found for architecture x86_64
clang: error: linker command failed with exit code 1 (use -v to see invocation)
`gcc' failed in phase `Linker'. (Exit code: 1)
