Configuring hashtables-1.2.3.1...
Preprocessing library for hashtables-1.2.3.1..
Building library for hashtables-1.2.3.1..
[ 1 of 12] Compiling Data.HashTable.Class ( src/Data/HashTable/Class.hs, .stack-work/dist/x86_64-osx/Cabal-2.4.0.1/build/Data/HashTable/Class.o )
[ 2 of 12] Compiling Data.HashTable.Internal.Array ( src/Data/HashTable/Internal/Array.hs, .stack-work/dist/x86_64-osx/Cabal-2.4.0.1/build/Data/HashTable/Internal/Array.o )
[ 3 of 12] Compiling Data.HashTable.Internal.IntArray ( src/Data/HashTable/Internal/IntArray.hs, .stack-work/dist/x86_64-osx/Cabal-2.4.0.1/build/Data/HashTable/Internal/IntArray.o )
[ 4 of 12] Compiling Data.HashTable.Internal.UnsafeTricks ( src/Data/HashTable/Internal/UnsafeTricks.hs, .stack-work/dist/x86_64-osx/Cabal-2.4.0.1/build/Data/HashTable/Internal/UnsafeTricks.o )
[ 5 of 12] Compiling Data.HashTable.Internal.Linear.Bucket ( src/Data/HashTable/Internal/Linear/Bucket.hs, .stack-work/dist/x86_64-osx/Cabal-2.4.0.1/build/Data/HashTable/Internal/Linear/Bucket.o )

[;1msrc/Data/HashTable/Internal/Linear/Bucket.hs:353:21: [;1m[35mwarning:[0m[0m[;1m [[;1m[35m-Wunused-matches[0m[0m[;1m][0m[0m[;1m
    Defined but not used: ‘sz’[0m[0m
[;1m[34m    |[0m[0m
[;1m[34m353 |[0m[0m     mutate' (Bucket [;1m[35msz[0m[0m hwRef keys values) = do
[;1m[34m    |[0m[0m[;1m[35m                     ^^[0m[0m
[0m[0m[0m
[;1msrc/Data/HashTable/Internal/Linear/Bucket.hs:366:19: [;1m[35mwarning:[0m[0m[;1m [[;1m[35m-Wunused-matches[0m[0m[;1m][0m[0m[;1m
    Defined but not used: ‘v’[0m[0m
[;1m[34m    |[0m[0m
[;1m[34m366 |[0m[0m             (Just [;1m[35mv[0m[0m, (Just v', a)) -> do
[;1m[34m    |[0m[0m[;1m[35m                   ^[0m[0m
[0m[0m[0m
[;1msrc/Data/HashTable/Internal/Linear/Bucket.hs:369:19: [;1m[35mwarning:[0m[0m[;1m [[;1m[35m-Wunused-matches[0m[0m[;1m][0m[0m[;1m
    Defined but not used: ‘v’[0m[0m
[;1m[34m    |[0m[0m
[;1m[34m369 |[0m[0m             (Just [;1m[35mv[0m[0m, (Nothing, a)) -> do
[;1m[34m    |[0m[0m[;1m[35m                   ^[0m[0m
[0m[0m[0m[ 6 of 12] Compiling Data.HashTable.Internal.Utils ( src/Data/HashTable/Internal/Utils.hs, .stack-work/dist/x86_64-osx/Cabal-2.4.0.1/build/Data/HashTable/Internal/Utils.o )
[ 7 of 12] Compiling Data.HashTable.Internal.CheapPseudoRandomBitStream ( src/Data/HashTable/Internal/CheapPseudoRandomBitStream.hs, .stack-work/dist/x86_64-osx/Cabal-2.4.0.1/build/Data/HashTable/Internal/CheapPseudoRandomBitStream.o )
[ 8 of 12] Compiling Data.HashTable.Internal.CacheLine ( src/Data/HashTable/Internal/CacheLine.hs, .stack-work/dist/x86_64-osx/Cabal-2.4.0.1/build/Data/HashTable/Internal/CacheLine.o )
[ 9 of 12] Compiling Data.HashTable.ST.Basic ( src/Data/HashTable/ST/Basic.hs, .stack-work/dist/x86_64-osx/Cabal-2.4.0.1/build/Data/HashTable/ST/Basic.o )
[10 of 12] Compiling Data.HashTable.ST.Cuckoo ( src/Data/HashTable/ST/Cuckoo.hs, .stack-work/dist/x86_64-osx/Cabal-2.4.0.1/build/Data/HashTable/ST/Cuckoo.o )

[;1msrc/Data/HashTable/ST/Cuckoo.hs:435:22: [;1m[35mwarning:[0m[0m[;1m [[;1m[35m-Wunused-matches[0m[0m[;1m][0m[0m[;1m
    Defined but not used: ‘hashCode’[0m[0m
[;1m[34m    |[0m[0m
[;1m[34m435 |[0m[0m     !(maybeVal, idx, [;1m[35mhashCode[0m[0m) <- lookupSlot
[;1m[34m    |[0m[0m[;1m[35m                      ^^^^^^^^[0m[0m
[0m[0m[0m
[;1msrc/Data/HashTable/ST/Cuckoo.hs:439:15: [;1m[35mwarning:[0m[0m[;1m [[;1m[35m-Wunused-matches[0m[0m[;1m][0m[0m[;1m
    Defined but not used: ‘v’[0m[0m
[;1m[34m    |[0m[0m
[;1m[34m439 |[0m[0m         (Just [;1m[35mv[0m[0m, (Just v', a)) -> do
[;1m[34m    |[0m[0m[;1m[35m               ^[0m[0m
[0m[0m[0m
[;1msrc/Data/HashTable/ST/Cuckoo.hs:442:15: [;1m[35mwarning:[0m[0m[;1m [[;1m[35m-Wunused-matches[0m[0m[;1m][0m[0m[;1m
    Defined but not used: ‘v’[0m[0m
[;1m[34m    |[0m[0m
[;1m[34m442 |[0m[0m         (Just [;1m[35mv[0m[0m, (Nothing, a)) -> do
[;1m[34m    |[0m[0m[;1m[35m               ^[0m[0m
[0m[0m[0m
[;1msrc/Data/HashTable/ST/Cuckoo.hs:489:26: [;1m[35mwarning:[0m[0m[;1m [[;1m[35m-Wunused-matches[0m[0m[;1m][0m[0m[;1m
    Defined but not used: ‘k'’[0m[0m
[;1m[34m    |[0m[0m
[;1m[34m489 |[0m[0m                       (\([;1m[35mk'[0m[0m, v') -> do
[;1m[34m    |[0m[0m[;1m[35m                          ^^[0m[0m
[0m[0m[0m
[;1msrc/Data/HashTable/ST/Cuckoo.hs:489:30: [;1m[35mwarning:[0m[0m[;1m [[;1m[35m-Wunused-matches[0m[0m[;1m][0m[0m[;1m
    Defined but not used: ‘v'’[0m[0m
[;1m[34m    |[0m[0m
[;1m[34m489 |[0m[0m                       (\(k', [;1m[35mv'[0m[0m) -> do
[;1m[34m    |[0m[0m[;1m[35m                              ^^[0m[0m
[0m[0m[0m
[;1msrc/Data/HashTable/ST/Cuckoo.hs:501:16: [;1m[35mwarning:[0m[0m[;1m [[;1m[35m-Wunused-matches[0m[0m[;1m][0m[0m[;1m
    Defined but not used: ‘ht’[0m[0m
[;1m[34m    |[0m[0m
[;1m[34m501 |[0m[0m deleteFromSlot [;1m[35mht[0m[0m@(HashTable _ _ hashes keys values _) idx = do
[;1m[34m    |[0m[0m[;1m[35m                ^^[0m[0m
[0m[0m[0m
[;1msrc/Data/HashTable/ST/Cuckoo.hs:516:16: [;1m[35mwarning:[0m[0m[;1m [[;1m[35m-Wunused-matches[0m[0m[;1m][0m[0m[;1m
    Defined but not used: ‘ht’[0m[0m
[;1m[34m    |[0m[0m
[;1m[34m516 |[0m[0m insertIntoSlot [;1m[35mht[0m[0m@(HashTable _ _ hashes keys values _) idx he k v = do
[;1m[34m    |[0m[0m[;1m[35m                ^^[0m[0m
[0m[0m[0m[11 of 12] Compiling Data.HashTable.ST.Linear ( src/Data/HashTable/ST/Linear.hs, .stack-work/dist/x86_64-osx/Cabal-2.4.0.1/build/Data/HashTable/ST/Linear.o )
[12 of 12] Compiling Data.HashTable.IO ( src/Data/HashTable/IO.hs, .stack-work/dist/x86_64-osx/Cabal-2.4.0.1/build/Data/HashTable/IO.o )
Installing library in /Users/Vadim/.stack/snapshots/x86_64-osx/lts-13.12/8.6.4/lib/x86_64-osx-ghc-8.6.4/hashtables-1.2.3.1-APACwgtsVwMBsRLeRRq18S
Registering library for hashtables-1.2.3.1..
